<?xml version="1.0" encoding="UTF-8"?>
<!-- Generated by org.testng.reporters.JUnitXMLReporter -->
<testsuite hostname="LAPTOP-INV4FEQ8" ignored="0" name="Default test" tests="2" failures="0" timestamp="2022-10-27T21:52:15 EDT" time="10.109" errors="0">
  <testcase name="validateLoginPageTitleTest" time="0.024" classname="com.ap.qa.testcases.LoginPageTest"/>
  <testcase name="validateLoginPageCurrentUrlTest" time="0.016" classname="com.ap.qa.testcases.LoginPageTest"/>
</testsuite> <!-- Default test -->
