<?xml version="1.0" encoding="UTF-8"?>
<testng-results skipped="0" failed="0" ignored="0" total="1" passed="1">
  <reporter-output>
  </reporter-output>
  <suite name="Default suite" duration-ms="17804" started-at="2022-11-03T22:20:13 EDT" finished-at="2022-11-03T22:20:31 EDT">
    <groups>
    </groups>
    <test name="Default test" duration-ms="17804" started-at="2022-11-03T22:20:13 EDT" finished-at="2022-11-03T22:20:31 EDT">
      <class name="com.ap.qa.testcases.OrderPageTest">
        <test-method status="PASS" signature="launchConfig()[pri:0, instance:com.ap.qa.testcases.OrderPageTest@1dd02175]" name="launchConfig" is-config="true" duration-ms="16" started-at="2022-11-03T22:20:13 EDT" finished-at="2022-11-03T22:20:13 EDT">
          <reporter-output>
          </reporter-output>
        </test-method> <!-- launchConfig -->
        <test-method status="PASS" signature="setup()[pri:0, instance:com.ap.qa.testcases.OrderPageTest@1dd02175]" name="setup" is-config="true" duration-ms="6621" started-at="2022-11-03T22:20:13 EDT" finished-at="2022-11-03T22:20:20 EDT">
          <reporter-output>
          </reporter-output>
        </test-method> <!-- setup -->
        <test-method status="PASS" signature="orderPageTest()[pri:0, instance:com.ap.qa.testcases.OrderPageTest@1dd02175]" name="orderPageTest" duration-ms="10296" started-at="2022-11-03T22:20:20 EDT" finished-at="2022-11-03T22:20:30 EDT">
          <reporter-output>
          </reporter-output>
        </test-method> <!-- orderPageTest -->
        <test-method status="PASS" signature="tearDown()[pri:0, instance:com.ap.qa.testcases.OrderPageTest@1dd02175]" name="tearDown" is-config="true" duration-ms="805" started-at="2022-11-03T22:20:30 EDT" finished-at="2022-11-03T22:20:31 EDT">
          <reporter-output>
          </reporter-output>
        </test-method> <!-- tearDown -->
      </class> <!-- com.ap.qa.testcases.OrderPageTest -->
    </test> <!-- Default test -->
  </suite> <!-- Default suite -->
</testng-results>
